[2022-07-12 17:14:52] local.ERROR: SQLSTATE[HY000]: General error: 1364 Field 'jumlah' doesn't have a default value (SQL: insert into `bayar` (`nama`, `tarif`, `total`, `updated_at`, `created_at`) values (Fatyana, Matic, 30000, 2022-07-12 17:14:51, 2022-07-12 17:14:51)) {"userId":1,"exception":"[object] (Illuminate\\Database\\QueryException(code: HY000): SQLSTATE[HY000]: General error: 1364 Field 'jumlah' doesn't have a default value (SQL: insert into `bayar` (`nama`, `tarif`, `total`, `updated_at`, `created_at`) values (Fatyana, Matic, 30000, 2022-07-12 17:14:51, 2022-07-12 17:14:51)) at /home/smith/Smith/tugas/Doorsmeer/vendor/laravel/framework/src/Illuminate/Database/Connection.php:759)
[stacktrace]
#0 /home/smith/Smith/tugas/Doorsmeer/vendor/laravel/framework/src/Illuminate/Database/Connection.php(719): Illuminate\\Database\\Connection->runQueryCallback()
#1 /home/smith/Smith/tugas/Doorsmeer/vendor/laravel/framework/src/Illuminate/Database/Connection.php(545): Illuminate\\Database\\Connection->run()
#2 /home/smith/Smith/tugas/Doorsmeer/vendor/laravel/framework/src/Illuminate/Database/Connection.php(497): Illuminate\\Database\\Connection->statement()
#3 /home/smith/Smith/tugas/Doorsmeer/vendor/laravel/framework/src/Illuminate/Database/Query/Processors/Processor.php(32): Illuminate\\Database\\Connection->insert()
#4 /home/smith/Smith/tugas/Doorsmeer/vendor/laravel/framework/src/Illuminate/Database/Query/Builder.php(3246): Illuminate\\Database\\Query\\Processors\\Processor->processInsertGetId()
#5 /home/smith/Smith/tugas/Doorsmeer/vendor/laravel/framework/src/Illuminate/Database/Eloquent/Builder.php(1834): Illuminate\\Database\\Query\\Builder->insertGetId()
#6 /home/smith/Smith/tugas/Doorsmeer/vendor/laravel/framework/src/Illuminate/Database/Eloquent/Model.php(1220): Illuminate\\Database\\Eloquent\\Builder->__call()
#7 /home/smith/Smith/tugas/Doorsmeer/vendor/laravel/framework/src/Illuminate/Database/Eloquent/Model.php(1185): Illuminate\\Database\\Eloquent\\Model->insertAndSetId()
#8 /home/smith/Smith/tugas/Doorsmeer/vendor/laravel/framework/src/Illuminate/Database/Eloquent/Model.php(1026): Illuminate\\Database\\Eloquent\\Model->performInsert()
#9 /home/smith/Smith/tugas/Doorsmeer/vendor/laravel/framework/src/Illuminate/Database/Eloquent/Builder.php(974): Illuminate\\Database\\Eloquent\\Model->save()
#10 /home/smith/Smith/tugas/Doorsmeer/vendor/laravel/framework/src/Illuminate/Support/helpers.php(302): Illuminate\\Database\\Eloquent\\Builder->Illuminate\\Database\\Eloquent\\{closure}()
#11 /home/smith/Smith/tugas/Doorsmeer/vendor/laravel/framework/src/Illuminate/Database/Eloquent/Builder.php(975): tap()
#12 /home/smith/Smith/tugas/Doorsmeer/vendor/laravel/framework/src/Illuminate/Support/Traits/ForwardsCalls.php(23): Illuminate\\Database\\Eloquent\\Builder->create()
#13 /home/smith/Smith/tugas/Doorsmeer/vendor/laravel/framework/src/Illuminate/Database/Eloquent/Model.php(2163): Illuminate\\Database\\Eloquent\\Model->forwardCallTo()
#14 /home/smith/Smith/tugas/Doorsmeer/vendor/laravel/framework/src/Illuminate/Database/Eloquent/Model.php(2175): Illuminate\\Database\\Eloquent\\Model->__call()
#15 /home/smith/Smith/tugas/Doorsmeer/app/Http/Controllers/BayarController.php(53): Illuminate\\Database\\Eloquent\\Model::__callStatic()
#16 /home/smith/Smith/tugas/Doorsmeer/vendor/laravel/framework/src/Illuminate/Routing/Controller.php(54): App\\Http\\Controllers\\BayarController->store()
#17 /home/smith/Smith/tugas/Doorsmeer/vendor/laravel/framework/src/Illuminate/Routing/ControllerDispatcher.php(45): Illuminate\\Routing\\Controller->callAction()
#18 /home/smith/Smith/tugas/Doorsmeer/vendor/laravel/framework/src/Illuminate/Routing/Route.php(268): Illuminate\\Routing\\ControllerDispatcher->dispatch()
#19 /home/smith/Smith/tugas/Doorsmeer/vendor/laravel/framework/src/Illuminate/Routing/Route.php(211): Illuminate\\Routing\\Route->runController()
#20 /home/smith/Smith/tugas/Doorsmeer/vendor/laravel/framework/src/Illuminate/Routing/Router.php(725): Illuminate\\Routing\\Route->run()
#21 /home/smith/Smith/tugas/Doorsmeer/vendor/laravel/framework/src/Illuminate/Pipeline/Pipeline.php(141): Illuminate\\Routing\\Router->Illuminate\\Routing\\{closure}()
#22 /home/smith/Smith/tugas/Doorsmeer/vendor/laravel/framework/src/Illuminate/Routing/Middleware/SubstituteBindings.php(50): Illuminate\\Pipeline\\Pipeline->Illuminate\\Pipeline\\{closure}()
#23 /home/smith/Smith/tugas/Doorsmeer/vendor/laravel/framework/src/Illuminate/Pipeline/Pipeline.php(180): Illuminate\\Routing\\Middleware\\SubstituteBindings->handle()
#24 /home/smith/Smith/tugas/Doorsmeer/vendor/laravel/framework/src/Illuminate/Foundation/Http/Middleware/VerifyCsrfToken.php(78): Illuminate\\Pipeline\\Pipeline->Illuminate\\Pipeline\\{closure}()
#25 /home/smith/Smith/tugas/Doorsmeer/vendor/laravel/framework/src/Illuminate/Pipeline/Pipeline.php(180): Illuminate\\Foundation\\Http\\Middleware\\VerifyCsrfToken->handle()
#26 /home/smith/Smith/tugas/Doorsmeer/vendor/laravel/framework/src/Illuminate/View/Middleware/ShareErrorsFromSession.php(49): Illuminate\\Pipeline\\Pipeline->Illuminate\\Pipeline\\{closure}()
#27 /home/smith/Smith/tugas/Doorsmeer/vendor/laravel/framework/src/Illuminate/Pipeline/Pipeline.php(180): Illuminate\\View\\Middleware\\ShareErrorsFromSession->handle()
#28 /home/smith/Smith/tugas/Doorsmeer/vendor/laravel/framework/src/Illuminate/Session/Middleware/StartSession.php(121): Illuminate\\Pipeline\\Pipeline->Illuminate\\Pipeline\\{closure}()
#29 /home/smith/Smith/tugas/Doorsmeer/vendor/laravel/framework/src/Illuminate/Session/Middleware/StartSession.php(64): Illuminate\\Session\\Middleware\\StartSession->handleStatefulRequest()
#30 /home/smith/Smith/tugas/Doorsmeer/vendor/laravel/framework/src/Illuminate/Pipeline/Pipeline.php(180): Illuminate\\Session\\Middleware\\StartSession->handle()
#31 /home/smith/Smith/tugas/Doorsmeer/vendor/laravel/framework/src/Illuminate/Cookie/Middleware/AddQueuedCookiesToResponse.php(37): Illuminate\\Pipeline\\Pipeline->Illuminate\\Pipeline\\{closure}()
#32 /home/smith/Smith/tugas/Doorsmeer/vendor/laravel/framework/src/Illuminate/Pipeline/Pipeline.php(180): Illuminate\\Cookie\\Middleware\\AddQueuedCookiesToResponse->handle()
#33 /home/smith/Smith/tugas/Doorsmeer/vendor/laravel/framework/src/Illuminate/Cookie/Middleware/EncryptCookies.php(67): Illuminate\\Pipeline\\Pipeline->Illuminate\\Pipeline\\{closure}()
#34 /home/smith/Smith/tugas/Doorsmeer/vendor/laravel/framework/src/Illuminate/Pipeline/Pipeline.php(180): Illuminate\\Cookie\\Middleware\\EncryptCookies->handle()
#35 /home/smith/Smith/tugas/Doorsmeer/vendor/laravel/framework/src/Illuminate/Pipeline/Pipeline.php(116): Illuminate\\Pipeline\\Pipeline->Illuminate\\Pipeline\\{closure}()
#36 /home/smith/Smith/tugas/Doorsmeer/vendor/laravel/framework/src/Illuminate/Routing/Router.php(726): Illuminate\\Pipeline\\Pipeline->then()
#37 /home/smith/Smith/tugas/Doorsmeer/vendor/laravel/framework/src/Illuminate/Routing/Router.php(703): Illuminate\\Routing\\Router->runRouteWithinStack()
#38 /home/smith/Smith/tugas/Doorsmeer/vendor/laravel/framework/src/Illuminate/Routing/Router.php(667): Illuminate\\Routing\\Router->runRoute()
#39 /home/smith/Smith/tugas/Doorsmeer/vendor/laravel/framework/src/Illuminate/Routing/Router.php(656): Illuminate\\Routing\\Router->dispatchToRoute()
#40 /home/smith/Smith/tugas/Doorsmeer/vendor/laravel/framework/src/Illuminate/Foundation/Http/Kernel.php(167): Illuminate\\Routing\\Router->dispatch()
#41 /home/smith/Smith/tugas/Doorsmeer/vendor/laravel/framework/src/Illuminate/Pipeline/Pipeline.php(141): Illuminate\\Foundation\\Http\\Kernel->Illuminate\\Foundation\\Http\\{closure}()
#42 /home/smith/Smith/tugas/Doorsmeer/vendor/laravel/framework/src/Illuminate/Foundation/Http/Middleware/TransformsRequest.php(21): Illuminate\\Pipeline\\Pipeline->Illuminate\\Pipeline\\{closure}()
#43 /home/smith/Smith/tugas/Doorsmeer/vendor/laravel/framework/src/Illuminate/Foundation/Http/Middleware/ConvertEmptyStringsToNull.php(31): Illuminate\\Foundation\\Http\\Middleware\\TransformsRequest->handle()
#44 /home/smith/Smith/tugas/Doorsmeer/vendor/laravel/framework/src/Illuminate/Pipeline/Pipeline.php(180): Illuminate\\Foundation\\Http\\Middleware\\ConvertEmptyStringsToNull->handle()
#45 /home/smith/Smith/tugas/Doorsmeer/vendor/laravel/framework/src/Illuminate/Foundation/Http/Middleware/TransformsRequest.php(21): Illuminate\\Pipeline\\Pipeline->Illuminate\\Pipeline\\{closure}()
#46 /home/smith/Smith/tugas/Doorsmeer/vendor/laravel/framework/src/Illuminate/Foundation/Http/Middleware/TrimStrings.php(40): Illuminate\\Foundation\\Http\\Middleware\\TransformsRequest->handle()
#47 /home/smith/Smith/tugas/Doorsmeer/vendor/laravel/framework/src/Illuminate/Pipeline/Pipeline.php(180): Illuminate\\Foundation\\Http\\Middleware\\TrimStrings->handle()
#48 /home/smith/Smith/tugas/Doorsmeer/vendor/laravel/framework/src/Illuminate/Foundation/Http/Middleware/ValidatePostSize.php(27): Illuminate\\Pipeline\\Pipeline->Illuminate\\Pipeline\\{closure}()
#49 /home/smith/Smith/tugas/Doorsmeer/vendor/laravel/framework/src/Illuminate/Pipeline/Pipeline.php(180): Illuminate\\Foundation\\Http\\Middleware\\ValidatePostSize->handle()
#50 /home/smith/Smith/tugas/Doorsmeer/vendor/laravel/framework/src/Illuminate/Foundation/Http/Middleware/PreventRequestsDuringMaintenance.php(86): Illuminate\\Pipeline\\Pipeline->Illuminate\\Pipeline\\{closure}()
#51 /home/smith/Smith/tugas/Doorsmeer/vendor/laravel/framework/src/Illuminate/Pipeline/Pipeline.php(180): Illuminate\\Foundation\\Http\\Middleware\\PreventRequestsDuringMaintenance->handle()
#52 /home/smith/Smith/tugas/Doorsmeer/vendor/laravel/framework/src/Illuminate/Http/Middleware/HandleCors.php(49): Illuminate\\Pipeline\\Pipeline->Illuminate\\Pipeline\\{closure}()
#53 /home/smith/Smith/tugas/Doorsmeer/vendor/laravel/framework/src/Illuminate/Pipeline/Pipeline.php(180): Illuminate\\Http\\Middleware\\HandleCors->handle()
#54 /home/smith/Smith/tugas/Doorsmeer/vendor/laravel/framework/src/Illuminate/Http/Middleware/TrustProxies.php(39): Illuminate\\Pipeline\\Pipeline->Illuminate\\Pipeline\\{closure}()
#55 /home/smith/Smith/tugas/Doorsmeer/vendor/laravel/framework/src/Illuminate/Pipeline/Pipeline.php(180): Illuminate\\Http\\Middleware\\TrustProxies->handle()
#56 /home/smith/Smith/tugas/Doorsmeer/vendor/laravel/framework/src/Illuminate/Pipeline/Pipeline.php(116): Illuminate\\Pipeline\\Pipeline->Illuminate\\Pipeline\\{closure}()
#57 /home/smith/Smith/tugas/Doorsmeer/vendor/laravel/framework/src/Illuminate/Foundation/Http/Kernel.php(142): Illuminate\\Pipeline\\Pipeline->then()
#58 /home/smith/Smith/tugas/Doorsmeer/vendor/laravel/framework/src/Illuminate/Foundation/Http/Kernel.php(111): Illuminate\\Foundation\\Http\\Kernel->sendRequestThroughRouter()
#59 /home/smith/Smith/tugas/Doorsmeer/public/index.php(52): Illuminate\\Foundation\\Http\\Kernel->handle()
#60 /home/smith/Smith/tugas/Doorsmeer/vendor/laravel/framework/src/Illuminate/Foundation/resources/server.php(16): require_once('...')
#61 {main}

[previous exception] [object] (PDOException(code: HY000): SQLSTATE[HY000]: General error: 1364 Field 'jumlah' doesn't have a default value at /home/smith/Smith/tugas/Doorsmeer/vendor/laravel/framework/src/Illuminate/Database/Connection.php:544)
[stacktrace]
#0 /home/smith/Smith/tugas/Doorsmeer/vendor/laravel/framework/src/Illuminate/Database/Connection.php(544): PDOStatement->execute()
#1 /home/smith/Smith/tugas/Doorsmeer/vendor/laravel/framework/src/Illuminate/Database/Connection.php(752): Illuminate\\Database\\Connection->Illuminate\\Database\\{closure}()
#2 /home/smith/Smith/tugas/Doorsmeer/vendor/laravel/framework/src/Illuminate/Database/Connection.php(719): Illuminate\\Database\\Connection->runQueryCallback()
#3 /home/smith/Smith/tugas/Doorsmeer/vendor/laravel/framework/src/Illuminate/Database/Connection.php(545): Illuminate\\Database\\Connection->run()
#4 /home/smith/Smith/tugas/Doorsmeer/vendor/laravel/framework/src/Illuminate/Database/Connection.php(497): Illuminate\\Database\\Connection->statement()
#5 /home/smith/Smith/tugas/Doorsmeer/vendor/laravel/framework/src/Illuminate/Database/Query/Processors/Processor.php(32): Illuminate\\Database\\Connection->insert()
#6 /home/smith/Smith/tugas/Doorsmeer/vendor/laravel/framework/src/Illuminate/Database/Query/Builder.php(3246): Illuminate\\Database\\Query\\Processors\\Processor->processInsertGetId()
#7 /home/smith/Smith/tugas/Doorsmeer/vendor/laravel/framework/src/Illuminate/Database/Eloquent/Builder.php(1834): Illuminate\\Database\\Query\\Builder->insertGetId()
#8 /home/smith/Smith/tugas/Doorsmeer/vendor/laravel/framework/src/Illuminate/Database/Eloquent/Model.php(1220): Illuminate\\Database\\Eloquent\\Builder->__call()
#9 /home/smith/Smith/tugas/Doorsmeer/vendor/laravel/framework/src/Illuminate/Database/Eloquent/Model.php(1185): Illuminate\\Database\\Eloquent\\Model->insertAndSetId()
#10 /home/smith/Smith/tugas/Doorsmeer/vendor/laravel/framework/src/Illuminate/Database/Eloquent/Model.php(1026): Illuminate\\Database\\Eloquent\\Model->performInsert()
#11 /home/smith/Smith/tugas/Doorsmeer/vendor/laravel/framework/src/Illuminate/Database/Eloquent/Builder.php(974): Illuminate\\Database\\Eloquent\\Model->save()
#12 /home/smith/Smith/tugas/Doorsmeer/vendor/laravel/framework/src/Illuminate/Support/helpers.php(302): Illuminate\\Database\\Eloquent\\Builder->Illuminate\\Database\\Eloquent\\{closure}()
#13 /home/smith/Smith/tugas/Doorsmeer/vendor/laravel/framework/src/Illuminate/Database/Eloquent/Builder.php(975): tap()
#14 /home/smith/Smith/tugas/Doorsmeer/vendor/laravel/framework/src/Illuminate/Support/Traits/ForwardsCalls.php(23): Illuminate\\Database\\Eloquent\\Builder->create()
#15 /home/smith/Smith/tugas/Doorsmeer/vendor/laravel/framework/src/Illuminate/Database/Eloquent/Model.php(2163): Illuminate\\Database\\Eloquent\\Model->forwardCallTo()
#16 /home/smith/Smith/tugas/Doorsmeer/vendor/laravel/framework/src/Illuminate/Database/Eloquent/Model.php(2175): Illuminate\\Database\\Eloquent\\Model->__call()
#17 /home/smith/Smith/tugas/Doorsmeer/app/Http/Controllers/BayarController.php(53): Illuminate\\Database\\Eloquent\\Model::__callStatic()
#18 /home/smith/Smith/tugas/Doorsmeer/vendor/laravel/framework/src/Illuminate/Routing/Controller.php(54): App\\Http\\Controllers\\BayarController->store()
#19 /home/smith/Smith/tugas/Doorsmeer/vendor/laravel/framework/src/Illuminate/Routing/ControllerDispatcher.php(45): Illuminate\\Routing\\Controller->callAction()
#20 /home/smith/Smith/tugas/Doorsmeer/vendor/laravel/framework/src/Illuminate/Routing/Route.php(268): Illuminate\\Routing\\ControllerDispatcher->dispatch()
#21 /home/smith/Smith/tugas/Doorsmeer/vendor/laravel/framework/src/Illuminate/Routing/Route.php(211): Illuminate\\Routing\\Route->runController()
#22 /home/smith/Smith/tugas/Doorsmeer/vendor/laravel/framework/src/Illuminate/Routing/Router.php(725): Illuminate\\Routing\\Route->run()
#23 /home/smith/Smith/tugas/Doorsmeer/vendor/laravel/framework/src/Illuminate/Pipeline/Pipeline.php(141): Illuminate\\Routing\\Router->Illuminate\\Routing\\{closure}()
#24 /home/smith/Smith/tugas/Doorsmeer/vendor/laravel/framework/src/Illuminate/Routing/Middleware/SubstituteBindings.php(50): Illuminate\\Pipeline\\Pipeline->Illuminate\\Pipeline\\{closure}()
#25 /home/smith/Smith/tugas/Doorsmeer/vendor/laravel/framework/src/Illuminate/Pipeline/Pipeline.php(180): Illuminate\\Routing\\Middleware\\SubstituteBindings->handle()
#26 /home/smith/Smith/tugas/Doorsmeer/vendor/laravel/framework/src/Illuminate/Foundation/Http/Middleware/VerifyCsrfToken.php(78): Illuminate\\Pipeline\\Pipeline->Illuminate\\Pipeline\\{closure}()
#27 /home/smith/Smith/tugas/Doorsmeer/vendor/laravel/framework/src/Illuminate/Pipeline/Pipeline.php(180): Illuminate\\Foundation\\Http\\Middleware\\VerifyCsrfToken->handle()
#28 /home/smith/Smith/tugas/Doorsmeer/vendor/laravel/framework/src/Illuminate/View/Middleware/ShareErrorsFromSession.php(49): Illuminate\\Pipeline\\Pipeline->Illuminate\\Pipeline\\{closure}()
#29 /home/smith/Smith/tugas/Doorsmeer/vendor/laravel/framework/src/Illuminate/Pipeline/Pipeline.php(180): Illuminate\\View\\Middleware\\ShareErrorsFromSession->handle()
#30 /home/smith/Smith/tugas/Doorsmeer/vendor/laravel/framework/src/Illuminate/Session/Middleware/StartSession.php(121): Illuminate\\Pipeline\\Pipeline->Illuminate\\Pipeline\\{closure}()
#31 /home/smith/Smith/tugas/Doorsmeer/vendor/laravel/framework/src/Illuminate/Session/Middleware/StartSession.php(64): Illuminate\\Session\\Middleware\\StartSession->handleStatefulRequest()
#32 /home/smith/Smith/tugas/Doorsmeer/vendor/laravel/framework/src/Illuminate/Pipeline/Pipeline.php(180): Illuminate\\Session\\Middleware\\StartSession->handle()
#33 /home/smith/Smith/tugas/Doorsmeer/vendor/laravel/framework/src/Illuminate/Cookie/Middleware/AddQueuedCookiesToResponse.php(37): Illuminate\\Pipeline\\Pipeline->Illuminate\\Pipeline\\{closure}()
#34 /home/smith/Smith/tugas/Doorsmeer/vendor/laravel/framework/src/Illuminate/Pipeline/Pipeline.php(180): Illuminate\\Cookie\\Middleware\\AddQueuedCookiesToResponse->handle()
#35 /home/smith/Smith/tugas/Doorsmeer/vendor/laravel/framework/src/Illuminate/Cookie/Middleware/EncryptCookies.php(67): Illuminate\\Pipeline\\Pipeline->Illuminate\\Pipeline\\{closure}()
#36 /home/smith/Smith/tugas/Doorsmeer/vendor/laravel/framework/src/Illuminate/Pipeline/Pipeline.php(180): Illuminate\\Cookie\\Middleware\\EncryptCookies->handle()
#37 /home/smith/Smith/tugas/Doorsmeer/vendor/laravel/framework/src/Illuminate/Pipeline/Pipeline.php(116): Illuminate\\Pipeline\\Pipeline->Illuminate\\Pipeline\\{closure}()
#38 /home/smith/Smith/tugas/Doorsmeer/vendor/laravel/framework/src/Illuminate/Routing/Router.php(726): Illuminate\\Pipeline\\Pipeline->then()
#39 /home/smith/Smith/tugas/Doorsmeer/vendor/laravel/framework/src/Illuminate/Routing/Router.php(703): Illuminate\\Routing\\Router->runRouteWithinStack()
#40 /home/smith/Smith/tugas/Doorsmeer/vendor/laravel/framework/src/Illuminate/Routing/Router.php(667): Illuminate\\Routing\\Router->runRoute()
#41 /home/smith/Smith/tugas/Doorsmeer/vendor/laravel/framework/src/Illuminate/Routing/Router.php(656): Illuminate\\Routing\\Router->dispatchToRoute()
#42 /home/smith/Smith/tugas/Doorsmeer/vendor/laravel/framework/src/Illuminate/Foundation/Http/Kernel.php(167): Illuminate\\Routing\\Router->dispatch()
#43 /home/smith/Smith/tugas/Doorsmeer/vendor/laravel/framework/src/Illuminate/Pipeline/Pipeline.php(141): Illuminate\\Foundation\\Http\\Kernel->Illuminate\\Foundation\\Http\\{closure}()
#44 /home/smith/Smith/tugas/Doorsmeer/vendor/laravel/framework/src/Illuminate/Foundation/Http/Middleware/TransformsRequest.php(21): Illuminate\\Pipeline\\Pipeline->Illuminate\\Pipeline\\{closure}()
#45 /home/smith/Smith/tugas/Doorsmeer/vendor/laravel/framework/src/Illuminate/Foundation/Http/Middleware/ConvertEmptyStringsToNull.php(31): Illuminate\\Foundation\\Http\\Middleware\\TransformsRequest->handle()
#46 /home/smith/Smith/tugas/Doorsmeer/vendor/laravel/framework/src/Illuminate/Pipeline/Pipeline.php(180): Illuminate\\Foundation\\Http\\Middleware\\ConvertEmptyStringsToNull->handle()
#47 /home/smith/Smith/tugas/Doorsmeer/vendor/laravel/framework/src/Illuminate/Foundation/Http/Middleware/TransformsRequest.php(21): Illuminate\\Pipeline\\Pipeline->Illuminate\\Pipeline\\{closure}()
#48 /home/smith/Smith/tugas/Doorsmeer/vendor/laravel/framework/src/Illuminate/Foundation/Http/Middleware/TrimStrings.php(40): Illuminate\\Foundation\\Http\\Middleware\\TransformsRequest->handle()
#49 /home/smith/Smith/tugas/Doorsmeer/vendor/laravel/framework/src/Illuminate/Pipeline/Pipeline.php(180): Illuminate\\Foundation\\Http\\Middleware\\TrimStrings->handle()
#50 /home/smith/Smith/tugas/Doorsmeer/vendor/laravel/framework/src/Illuminate/Foundation/Http/Middleware/ValidatePostSize.php(27): Illuminate\\Pipeline\\Pipeline->Illuminate\\Pipeline\\{closure}()
#51 /home/smith/Smith/tugas/Doorsmeer/vendor/laravel/framework/src/Illuminate/Pipeline/Pipeline.php(180): Illuminate\\Foundation\\Http\\Middleware\\ValidatePostSize->handle()
#52 /home/smith/Smith/tugas/Doorsmeer/vendor/laravel/framework/src/Illuminate/Foundation/Http/Middleware/PreventRequestsDuringMaintenance.php(86): Illuminate\\Pipeline\\Pipeline->Illuminate\\Pipeline\\{closure}()
#53 /home/smith/Smith/tugas/Doorsmeer/vendor/laravel/framework/src/Illuminate/Pipeline/Pipeline.php(180): Illuminate\\Foundation\\Http\\Middleware\\PreventRequestsDuringMaintenance->handle()
#54 /home/smith/Smith/tugas/Doorsmeer/vendor/laravel/framework/src/Illuminate/Http/Middleware/HandleCors.php(49): Illuminate\\Pipeline\\Pipeline->Illuminate\\Pipeline\\{closure}()
#55 /home/smith/Smith/tugas/Doorsmeer/vendor/laravel/framework/src/Illuminate/Pipeline/Pipeline.php(180): Illuminate\\Http\\Middleware\\HandleCors->handle()
#56 /home/smith/Smith/tugas/Doorsmeer/vendor/laravel/framework/src/Illuminate/Http/Middleware/TrustProxies.php(39): Illuminate\\Pipeline\\Pipeline->Illuminate\\Pipeline\\{closure}()
#57 /home/smith/Smith/tugas/Doorsmeer/vendor/laravel/framework/src/Illuminate/Pipeline/Pipeline.php(180): Illuminate\\Http\\Middleware\\TrustProxies->handle()
#58 /home/smith/Smith/tugas/Doorsmeer/vendor/laravel/framework/src/Illuminate/Pipeline/Pipeline.php(116): Illuminate\\Pipeline\\Pipeline->Illuminate\\Pipeline\\{closure}()
#59 /home/smith/Smith/tugas/Doorsmeer/vendor/laravel/framework/src/Illuminate/Foundation/Http/Kernel.php(142): Illuminate\\Pipeline\\Pipeline->then()
#60 /home/smith/Smith/tugas/Doorsmeer/vendor/laravel/framework/src/Illuminate/Foundation/Http/Kernel.php(111): Illuminate\\Foundation\\Http\\Kernel->sendRequestThroughRouter()
#61 /home/smith/Smith/tugas/Doorsmeer/public/index.php(52): Illuminate\\Foundation\\Http\\Kernel->handle()
#62 /home/smith/Smith/tugas/Doorsmeer/vendor/laravel/framework/src/Illuminate/Foundation/resources/server.php(16): require_once('...')
#63 {main}
"} 
[2022-07-12 17:15:19] local.ERROR: SQLSTATE[HY000]: General error: 1364 Field 'jumlah' doesn't have a default value (SQL: insert into `bayar` (`nama`, `tarif`, `total`, `updated_at`, `created_at`) values (Fatyana, Matic, 30000, 2022-07-12 17:15:19, 2022-07-12 17:15:19)) {"userId":1,"exception":"[object] (Illuminate\\Database\\QueryException(code: HY000): SQLSTATE[HY000]: General error: 1364 Field 'jumlah' doesn't have a default value (SQL: insert into `bayar` (`nama`, `tarif`, `total`, `updated_at`, `created_at`) values (Fatyana, Matic, 30000, 2022-07-12 17:15:19, 2022-07-12 17:15:19)) at /home/smith/Smith/tugas/Doorsmeer/vendor/laravel/framework/src/Illuminate/Database/Connection.php:759)
[stacktrace]
#0 /home/smith/Smith/tugas/Doorsmeer/vendor/laravel/framework/src/Illuminate/Database/Connection.php(719): Illuminate\\Database\\Connection->runQueryCallback()
#1 /home/smith/Smith/tugas/Doorsmeer/vendor/laravel/framework/src/Illuminate/Database/Connection.php(545): Illuminate\\Database\\Connection->run()
#2 /home/smith/Smith/tugas/Doorsmeer/vendor/laravel/framework/src/Illuminate/Database/Connection.php(497): Illuminate\\Database\\Connection->statement()
#3 /home/smith/Smith/tugas/Doorsmeer/vendor/laravel/framework/src/Illuminate/Database/Query/Processors/Processor.php(32): Illuminate\\Database\\Connection->insert()
#4 /home/smith/Smith/tugas/Doorsmeer/vendor/laravel/framework/src/Illuminate/Database/Query/Builder.php(3246): Illuminate\\Database\\Query\\Processors\\Processor->processInsertGetId()
#5 /home/smith/Smith/tugas/Doorsmeer/vendor/laravel/framework/src/Illuminate/Database/Eloquent/Builder.php(1834): Illuminate\\Database\\Query\\Builder->insertGetId()
#6 /home/smith/Smith/tugas/Doorsmeer/vendor/laravel/framework/src/Illuminate/Database/Eloquent/Model.php(1220): Illuminate\\Database\\Eloquent\\Builder->__call()
#7 /home/smith/Smith/tugas/Doorsmeer/vendor/laravel/framework/src/Illuminate/Database/Eloquent/Model.php(1185): Illuminate\\Database\\Eloquent\\Model->insertAndSetId()
#8 /home/smith/Smith/tugas/Doorsmeer/vendor/laravel/framework/src/Illuminate/Database/Eloquent/Model.php(1026): Illuminate\\Database\\Eloquent\\Model->performInsert()
#9 /home/smith/Smith/tugas/Doorsmeer/vendor/laravel/framework/src/Illuminate/Database/Eloquent/Builder.php(974): Illuminate\\Database\\Eloquent\\Model->save()
#10 /home/smith/Smith/tugas/Doorsmeer/vendor/laravel/framework/src/Illuminate/Support/helpers.php(302): Illuminate\\Database\\Eloquent\\Builder->Illuminate\\Database\\Eloquent\\{closure}()
#11 /home/smith/Smith/tugas/Doorsmeer/vendor/laravel/framework/src/Illuminate/Database/Eloquent/Builder.php(975): tap()
#12 /home/smith/Smith/tugas/Doorsmeer/vendor/laravel/framework/src/Illuminate/Support/Traits/ForwardsCalls.php(23): Illuminate\\Database\\Eloquent\\Builder->create()
#13 /home/smith/Smith/tugas/Doorsmeer/vendor/laravel/framework/src/Illuminate/Database/Eloquent/Model.php(2163): Illuminate\\Database\\Eloquent\\Model->forwardCallTo()
#14 /home/smith/Smith/tugas/Doorsmeer/vendor/laravel/framework/src/Illuminate/Database/Eloquent/Model.php(2175): Illuminate\\Database\\Eloquent\\Model->__call()
#15 /home/smith/Smith/tugas/Doorsmeer/app/Http/Controllers/BayarController.php(53): Illuminate\\Database\\Eloquent\\Model::__callStatic()
#16 /home/smith/Smith/tugas/Doorsmeer/vendor/laravel/framework/src/Illuminate/Routing/Controller.php(54): App\\Http\\Controllers\\BayarController->store()
#17 /home/smith/Smith/tugas/Doorsmeer/vendor/laravel/framework/src/Illuminate/Routing/ControllerDispatcher.php(45): Illuminate\\Routing\\Controller->callAction()
#18 /home/smith/Smith/tugas/Doorsmeer/vendor/laravel/framework/src/Illuminate/Routing/Route.php(268): Illuminate\\Routing\\ControllerDispatcher->dispatch()
#19 /home/smith/Smith/tugas/Doorsmeer/vendor/laravel/framework/src/Illuminate/Routing/Route.php(211): Illuminate\\Routing\\Route->runController()
#20 /home/smith/Smith/tugas/Doorsmeer/vendor/laravel/framework/src/Illuminate/Routing/Router.php(725): Illuminate\\Routing\\Route->run()
#21 /home/smith/Smith/tugas/Doorsmeer/vendor/laravel/framework/src/Illuminate/Pipeline/Pipeline.php(141): Illuminate\\Routing\\Router->Illuminate\\Routing\\{closure}()
#22 /home/smith/Smith/tugas/Doorsmeer/vendor/laravel/framework/src/Illuminate/Routing/Middleware/SubstituteBindings.php(50): Illuminate\\Pipeline\\Pipeline->Illuminate\\Pipeline\\{closure}()
#23 /home/smith/Smith/tugas/Doorsmeer/vendor/laravel/framework/src/Illuminate/Pipeline/Pipeline.php(180): Illuminate\\Routing\\Middleware\\SubstituteBindings->handle()
#24 /home/smith/Smith/tugas/Doorsmeer/vendor/laravel/framework/src/Illuminate/Foundation/Http/Middleware/VerifyCsrfToken.php(78): Illuminate\\Pipeline\\Pipeline->Illuminate\\Pipeline\\{closure}()
#25 /home/smith/Smith/tugas/Doorsmeer/vendor/laravel/framework/src/Illuminate/Pipeline/Pipeline.php(180): Illuminate\\Foundation\\Http\\Middleware\\VerifyCsrfToken->handle()
#26 /home/smith/Smith/tugas/Doorsmeer/vendor/laravel/framework/src/Illuminate/View/Middleware/ShareErrorsFromSession.php(49): Illuminate\\Pipeline\\Pipeline->Illuminate\\Pipeline\\{closure}()
#27 /home/smith/Smith/tugas/Doorsmeer/vendor/laravel/framework/src/Illuminate/Pipeline/Pipeline.php(180): Illuminate\\View\\Middleware\\ShareErrorsFromSession->handle()
#28 /home/smith/Smith/tugas/Doorsmeer/vendor/laravel/framework/src/Illuminate/Session/Middleware/StartSession.php(121): Illuminate\\Pipeline\\Pipeline->Illuminate\\Pipeline\\{closure}()
#29 /home/smith/Smith/tugas/Doorsmeer/vendor/laravel/framework/src/Illuminate/Session/Middleware/StartSession.php(64): Illuminate\\Session\\Middleware\\StartSession->handleStatefulRequest()
#30 /home/smith/Smith/tugas/Doorsmeer/vendor/laravel/framework/src/Illuminate/Pipeline/Pipeline.php(180): Illuminate\\Session\\Middleware\\StartSession->handle()
#31 /home/smith/Smith/tugas/Doorsmeer/vendor/laravel/framework/src/Illuminate/Cookie/Middleware/AddQueuedCookiesToResponse.php(37): Illuminate\\Pipeline\\Pipeline->Illuminate\\Pipeline\\{closure}()
#32 /home/smith/Smith/tugas/Doorsmeer/vendor/laravel/framework/src/Illuminate/Pipeline/Pipeline.php(180): Illuminate\\Cookie\\Middleware\\AddQueuedCookiesToResponse->handle()
#33 /home/smith/Smith/tugas/Doorsmeer/vendor/laravel/framework/src/Illuminate/Cookie/Middleware/EncryptCookies.php(67): Illuminate\\Pipeline\\Pipeline->Illuminate\\Pipeline\\{closure}()
#34 /home/smith/Smith/tugas/Doorsmeer/vendor/laravel/framework/src/Illuminate/Pipeline/Pipeline.php(180): Illuminate\\Cookie\\Middleware\\EncryptCookies->handle()
#35 /home/smith/Smith/tugas/Doorsmeer/vendor/laravel/framework/src/Illuminate/Pipeline/Pipeline.php(116): Illuminate\\Pipeline\\Pipeline->Illuminate\\Pipeline\\{closure}()
#36 /home/smith/Smith/tugas/Doorsmeer/vendor/laravel/framework/src/Illuminate/Routing/Router.php(726): Illuminate\\Pipeline\\Pipeline->then()
#37 /home/smith/Smith/tugas/Doorsmeer/vendor/laravel/framework/src/Illuminate/Routing/Router.php(703): Illuminate\\Routing\\Router->runRouteWithinStack()
#38 /home/smith/Smith/tugas/Doorsmeer/vendor/laravel/framework/src/Illuminate/Routing/Router.php(667): Illuminate\\Routing\\Router->runRoute()
#39 /home/smith/Smith/tugas/Doorsmeer/vendor/laravel/framework/src/Illuminate/Routing/Router.php(656): Illuminate\\Routing\\Router->dispatchToRoute()
#40 /home/smith/Smith/tugas/Doorsmeer/vendor/laravel/framework/src/Illuminate/Foundation/Http/Kernel.php(167): Illuminate\\Routing\\Router->dispatch()
#41 /home/smith/Smith/tugas/Doorsmeer/vendor/laravel/framework/src/Illuminate/Pipeline/Pipeline.php(141): Illuminate\\Foundation\\Http\\Kernel->Illuminate\\Foundation\\Http\\{closure}()
#42 /home/smith/Smith/tugas/Doorsmeer/vendor/laravel/framework/src/Illuminate/Foundation/Http/Middleware/TransformsRequest.php(21): Illuminate\\Pipeline\\Pipeline->Illuminate\\Pipeline\\{closure}()
#43 /home/smith/Smith/tugas/Doorsmeer/vendor/laravel/framework/src/Illuminate/Foundation/Http/Middleware/ConvertEmptyStringsToNull.php(31): Illuminate\\Foundation\\Http\\Middleware\\TransformsRequest->handle()
#44 /home/smith/Smith/tugas/Doorsmeer/vendor/laravel/framework/src/Illuminate/Pipeline/Pipeline.php(180): Illuminate\\Foundation\\Http\\Middleware\\ConvertEmptyStringsToNull->handle()
#45 /home/smith/Smith/tugas/Doorsmeer/vendor/laravel/framework/src/Illuminate/Foundation/Http/Middleware/TransformsRequest.php(21): Illuminate\\Pipeline\\Pipeline->Illuminate\\Pipeline\\{closure}()
#46 /home/smith/Smith/tugas/Doorsmeer/vendor/laravel/framework/src/Illuminate/Foundation/Http/Middleware/TrimStrings.php(40): Illuminate\\Foundation\\Http\\Middleware\\TransformsRequest->handle()
#47 /home/smith/Smith/tugas/Doorsmeer/vendor/laravel/framework/src/Illuminate/Pipeline/Pipeline.php(180): Illuminate\\Foundation\\Http\\Middleware\\TrimStrings->handle()
#48 /home/smith/Smith/tugas/Doorsmeer/vendor/laravel/framework/src/Illuminate/Foundation/Http/Middleware/ValidatePostSize.php(27): Illuminate\\Pipeline\\Pipeline->Illuminate\\Pipeline\\{closure}()
#49 /home/smith/Smith/tugas/Doorsmeer/vendor/laravel/framework/src/Illuminate/Pipeline/Pipeline.php(180): Illuminate\\Foundation\\Http\\Middleware\\ValidatePostSize->handle()
#50 /home/smith/Smith/tugas/Doorsmeer/vendor/laravel/framework/src/Illuminate/Foundation/Http/Middleware/PreventRequestsDuringMaintenance.php(86): Illuminate\\Pipeline\\Pipeline->Illuminate\\Pipeline\\{closure}()
#51 /home/smith/Smith/tugas/Doorsmeer/vendor/laravel/framework/src/Illuminate/Pipeline/Pipeline.php(180): Illuminate\\Foundation\\Http\\Middleware\\PreventRequestsDuringMaintenance->handle()
#52 /home/smith/Smith/tugas/Doorsmeer/vendor/laravel/framework/src/Illuminate/Http/Middleware/HandleCors.php(49): Illuminate\\Pipeline\\Pipeline->Illuminate\\Pipeline\\{closure}()
#53 /home/smith/Smith/tugas/Doorsmeer/vendor/laravel/framework/src/Illuminate/Pipeline/Pipeline.php(180): Illuminate\\Http\\Middleware\\HandleCors->handle()
#54 /home/smith/Smith/tugas/Doorsmeer/vendor/laravel/framework/src/Illuminate/Http/Middleware/TrustProxies.php(39): Illuminate\\Pipeline\\Pipeline->Illuminate\\Pipeline\\{closure}()
#55 /home/smith/Smith/tugas/Doorsmeer/vendor/laravel/framework/src/Illuminate/Pipeline/Pipeline.php(180): Illuminate\\Http\\Middleware\\TrustProxies->handle()
#56 /home/smith/Smith/tugas/Doorsmeer/vendor/laravel/framework/src/Illuminate/Pipeline/Pipeline.php(116): Illuminate\\Pipeline\\Pipeline->Illuminate\\Pipeline\\{closure}()
#57 /home/smith/Smith/tugas/Doorsmeer/vendor/laravel/framework/src/Illuminate/Foundation/Http/Kernel.php(142): Illuminate\\Pipeline\\Pipeline->then()
#58 /home/smith/Smith/tugas/Doorsmeer/vendor/laravel/framework/src/Illuminate/Foundation/Http/Kernel.php(111): Illuminate\\Foundation\\Http\\Kernel->sendRequestThroughRouter()
#59 /home/smith/Smith/tugas/Doorsmeer/public/index.php(52): Illuminate\\Foundation\\Http\\Kernel->handle()
#60 /home/smith/Smith/tugas/Doorsmeer/vendor/laravel/framework/src/Illuminate/Foundation/resources/server.php(16): require_once('...')
#61 {main}

[previous exception] [object] (PDOException(code: HY000): SQLSTATE[HY000]: General error: 1364 Field 'jumlah' doesn't have a default value at /home/smith/Smith/tugas/Doorsmeer/vendor/laravel/framework/src/Illuminate/Database/Connection.php:544)
[stacktrace]
#0 /home/smith/Smith/tugas/Doorsmeer/vendor/laravel/framework/src/Illuminate/Database/Connection.php(544): PDOStatement->execute()
#1 /home/smith/Smith/tugas/Doorsmeer/vendor/laravel/framework/src/Illuminate/Database/Connection.php(752): Illuminate\\Database\\Connection->Illuminate\\Database\\{closure}()
#2 /home/smith/Smith/tugas/Doorsmeer/vendor/laravel/framework/src/Illuminate/Database/Connection.php(719): Illuminate\\Database\\Connection->runQueryCallback()
#3 /home/smith/Smith/tugas/Doorsmeer/vendor/laravel/framework/src/Illuminate/Database/Connection.php(545): Illuminate\\Database\\Connection->run()
#4 /home/smith/Smith/tugas/Doorsmeer/vendor/laravel/framework/src/Illuminate/Database/Connection.php(497): Illuminate\\Database\\Connection->statement()
#5 /home/smith/Smith/tugas/Doorsmeer/vendor/laravel/framework/src/Illuminate/Database/Query/Processors/Processor.php(32): Illuminate\\Database\\Connection->insert()
#6 /home/smith/Smith/tugas/Doorsmeer/vendor/laravel/framework/src/Illuminate/Database/Query/Builder.php(3246): Illuminate\\Database\\Query\\Processors\\Processor->processInsertGetId()
#7 /home/smith/Smith/tugas/Doorsmeer/vendor/laravel/framework/src/Illuminate/Database/Eloquent/Builder.php(1834): Illuminate\\Database\\Query\\Builder->insertGetId()
#8 /home/smith/Smith/tugas/Doorsmeer/vendor/laravel/framework/src/Illuminate/Database/Eloquent/Model.php(1220): Illuminate\\Database\\Eloquent\\Builder->__call()
#9 /home/smith/Smith/tugas/Doorsmeer/vendor/laravel/framework/src/Illuminate/Database/Eloquent/Model.php(1185): Illuminate\\Database\\Eloquent\\Model->insertAndSetId()
#10 /home/smith/Smith/tugas/Doorsmeer/vendor/laravel/framework/src/Illuminate/Database/Eloquent/Model.php(1026): Illuminate\\Database\\Eloquent\\Model->performInsert()
#11 /home/smith/Smith/tugas/Doorsmeer/vendor/laravel/framework/src/Illuminate/Database/Eloquent/Builder.php(974): Illuminate\\Database\\Eloquent\\Model->save()
#12 /home/smith/Smith/tugas/Doorsmeer/vendor/laravel/framework/src/Illuminate/Support/helpers.php(302): Illuminate\\Database\\Eloquent\\Builder->Illuminate\\Database\\Eloquent\\{closure}()
#13 /home/smith/Smith/tugas/Doorsmeer/vendor/laravel/framework/src/Illuminate/Database/Eloquent/Builder.php(975): tap()
#14 /home/smith/Smith/tugas/Doorsmeer/vendor/laravel/framework/src/Illuminate/Support/Traits/ForwardsCalls.php(23): Illuminate\\Database\\Eloquent\\Builder->create()
#15 /home/smith/Smith/tugas/Doorsmeer/vendor/laravel/framework/src/Illuminate/Database/Eloquent/Model.php(2163): Illuminate\\Database\\Eloquent\\Model->forwardCallTo()
#16 /home/smith/Smith/tugas/Doorsmeer/vendor/laravel/framework/src/Illuminate/Database/Eloquent/Model.php(2175): Illuminate\\Database\\Eloquent\\Model->__call()
#17 /home/smith/Smith/tugas/Doorsmeer/app/Http/Controllers/BayarController.php(53): Illuminate\\Database\\Eloquent\\Model::__callStatic()
#18 /home/smith/Smith/tugas/Doorsmeer/vendor/laravel/framework/src/Illuminate/Routing/Controller.php(54): App\\Http\\Controllers\\BayarController->store()
#19 /home/smith/Smith/tugas/Doorsmeer/vendor/laravel/framework/src/Illuminate/Routing/ControllerDispatcher.php(45): Illuminate\\Routing\\Controller->callAction()
#20 /home/smith/Smith/tugas/Doorsmeer/vendor/laravel/framework/src/Illuminate/Routing/Route.php(268): Illuminate\\Routing\\ControllerDispatcher->dispatch()
#21 /home/smith/Smith/tugas/Doorsmeer/vendor/laravel/framework/src/Illuminate/Routing/Route.php(211): Illuminate\\Routing\\Route->runController()
#22 /home/smith/Smith/tugas/Doorsmeer/vendor/laravel/framework/src/Illuminate/Routing/Router.php(725): Illuminate\\Routing\\Route->run()
#23 /home/smith/Smith/tugas/Doorsmeer/vendor/laravel/framework/src/Illuminate/Pipeline/Pipeline.php(141): Illuminate\\Routing\\Router->Illuminate\\Routing\\{closure}()
#24 /home/smith/Smith/tugas/Doorsmeer/vendor/laravel/framework/src/Illuminate/Routing/Middleware/SubstituteBindings.php(50): Illuminate\\Pipeline\\Pipeline->Illuminate\\Pipeline\\{closure}()
#25 /home/smith/Smith/tugas/Doorsmeer/vendor/laravel/framework/src/Illuminate/Pipeline/Pipeline.php(180): Illuminate\\Routing\\Middleware\\SubstituteBindings->handle()
#26 /home/smith/Smith/tugas/Doorsmeer/vendor/laravel/framework/src/Illuminate/Foundation/Http/Middleware/VerifyCsrfToken.php(78): Illuminate\\Pipeline\\Pipeline->Illuminate\\Pipeline\\{closure}()
#27 /home/smith/Smith/tugas/Doorsmeer/vendor/laravel/framework/src/Illuminate/Pipeline/Pipeline.php(180): Illuminate\\Foundation\\Http\\Middleware\\VerifyCsrfToken->handle()
#28 /home/smith/Smith/tugas/Doorsmeer/vendor/laravel/framework/src/Illuminate/View/Middleware/ShareErrorsFromSession.php(49): Illuminate\\Pipeline\\Pipeline->Illuminate\\Pipeline\\{closure}()
#29 /home/smith/Smith/tugas/Doorsmeer/vendor/laravel/framework/src/Illuminate/Pipeline/Pipeline.php(180): Illuminate\\View\\Middleware\\ShareErrorsFromSession->handle()
#30 /home/smith/Smith/tugas/Doorsmeer/vendor/laravel/framework/src/Illuminate/Session/Middleware/StartSession.php(121): Illuminate\\Pipeline\\Pipeline->Illuminate\\Pipeline\\{closure}()
#31 /home/smith/Smith/tugas/Doorsmeer/vendor/laravel/framework/src/Illuminate/Session/Middleware/StartSession.php(64): Illuminate\\Session\\Middleware\\StartSession->handleStatefulRequest()
#32 /home/smith/Smith/tugas/Doorsmeer/vendor/laravel/framework/src/Illuminate/Pipeline/Pipeline.php(180): Illuminate\\Session\\Middleware\\StartSession->handle()
#33 /home/smith/Smith/tugas/Doorsmeer/vendor/laravel/framework/src/Illuminate/Cookie/Middleware/AddQueuedCookiesToResponse.php(37): Illuminate\\Pipeline\\Pipeline->Illuminate\\Pipeline\\{closure}()
#34 /home/smith/Smith/tugas/Doorsmeer/vendor/laravel/framework/src/Illuminate/Pipeline/Pipeline.php(180): Illuminate\\Cookie\\Middleware\\AddQueuedCookiesToResponse->handle()
#35 /home/smith/Smith/tugas/Doorsmeer/vendor/laravel/framework/src/Illuminate/Cookie/Middleware/EncryptCookies.php(67): Illuminate\\Pipeline\\Pipeline->Illuminate\\Pipeline\\{closure}()
#36 /home/smith/Smith/tugas/Doorsmeer/vendor/laravel/framework/src/Illuminate/Pipeline/Pipeline.php(180): Illuminate\\Cookie\\Middleware\\EncryptCookies->handle()
#37 /home/smith/Smith/tugas/Doorsmeer/vendor/laravel/framework/src/Illuminate/Pipeline/Pipeline.php(116): Illuminate\\Pipeline\\Pipeline->Illuminate\\Pipeline\\{closure}()
#38 /home/smith/Smith/tugas/Doorsmeer/vendor/laravel/framework/src/Illuminate/Routing/Router.php(726): Illuminate\\Pipeline\\Pipeline->then()
#39 /home/smith/Smith/tugas/Doorsmeer/vendor/laravel/framework/src/Illuminate/Routing/Router.php(703): Illuminate\\Routing\\Router->runRouteWithinStack()
#40 /home/smith/Smith/tugas/Doorsmeer/vendor/laravel/framework/src/Illuminate/Routing/Router.php(667): Illuminate\\Routing\\Router->runRoute()
#41 /home/smith/Smith/tugas/Doorsmeer/vendor/laravel/framework/src/Illuminate/Routing/Router.php(656): Illuminate\\Routing\\Router->dispatchToRoute()
#42 /home/smith/Smith/tugas/Doorsmeer/vendor/laravel/framework/src/Illuminate/Foundation/Http/Kernel.php(167): Illuminate\\Routing\\Router->dispatch()
#43 /home/smith/Smith/tugas/Doorsmeer/vendor/laravel/framework/src/Illuminate/Pipeline/Pipeline.php(141): Illuminate\\Foundation\\Http\\Kernel->Illuminate\\Foundation\\Http\\{closure}()
#44 /home/smith/Smith/tugas/Doorsmeer/vendor/laravel/framework/src/Illuminate/Foundation/Http/Middleware/TransformsRequest.php(21): Illuminate\\Pipeline\\Pipeline->Illuminate\\Pipeline\\{closure}()
#45 /home/smith/Smith/tugas/Doorsmeer/vendor/laravel/framework/src/Illuminate/Foundation/Http/Middleware/ConvertEmptyStringsToNull.php(31): Illuminate\\Foundation\\Http\\Middleware\\TransformsRequest->handle()
#46 /home/smith/Smith/tugas/Doorsmeer/vendor/laravel/framework/src/Illuminate/Pipeline/Pipeline.php(180): Illuminate\\Foundation\\Http\\Middleware\\ConvertEmptyStringsToNull->handle()
#47 /home/smith/Smith/tugas/Doorsmeer/vendor/laravel/framework/src/Illuminate/Foundation/Http/Middleware/TransformsRequest.php(21): Illuminate\\Pipeline\\Pipeline->Illuminate\\Pipeline\\{closure}()
#48 /home/smith/Smith/tugas/Doorsmeer/vendor/laravel/framework/src/Illuminate/Foundation/Http/Middleware/TrimStrings.php(40): Illuminate\\Foundation\\Http\\Middleware\\TransformsRequest->handle()
#49 /home/smith/Smith/tugas/Doorsmeer/vendor/laravel/framework/src/Illuminate/Pipeline/Pipeline.php(180): Illuminate\\Foundation\\Http\\Middleware\\TrimStrings->handle()
#50 /home/smith/Smith/tugas/Doorsmeer/vendor/laravel/framework/src/Illuminate/Foundation/Http/Middleware/ValidatePostSize.php(27): Illuminate\\Pipeline\\Pipeline->Illuminate\\Pipeline\\{closure}()
#51 /home/smith/Smith/tugas/Doorsmeer/vendor/laravel/framework/src/Illuminate/Pipeline/Pipeline.php(180): Illuminate\\Foundation\\Http\\Middleware\\ValidatePostSize->handle()
#52 /home/smith/Smith/tugas/Doorsmeer/vendor/laravel/framework/src/Illuminate/Foundation/Http/Middleware/PreventRequestsDuringMaintenance.php(86): Illuminate\\Pipeline\\Pipeline->Illuminate\\Pipeline\\{closure}()
#53 /home/smith/Smith/tugas/Doorsmeer/vendor/laravel/framework/src/Illuminate/Pipeline/Pipeline.php(180): Illuminate\\Foundation\\Http\\Middleware\\PreventRequestsDuringMaintenance->handle()
#54 /home/smith/Smith/tugas/Doorsmeer/vendor/laravel/framework/src/Illuminate/Http/Middleware/HandleCors.php(49): Illuminate\\Pipeline\\Pipeline->Illuminate\\Pipeline\\{closure}()
#55 /home/smith/Smith/tugas/Doorsmeer/vendor/laravel/framework/src/Illuminate/Pipeline/Pipeline.php(180): Illuminate\\Http\\Middleware\\HandleCors->handle()
#56 /home/smith/Smith/tugas/Doorsmeer/vendor/laravel/framework/src/Illuminate/Http/Middleware/TrustProxies.php(39): Illuminate\\Pipeline\\Pipeline->Illuminate\\Pipeline\\{closure}()
#57 /home/smith/Smith/tugas/Doorsmeer/vendor/laravel/framework/src/Illuminate/Pipeline/Pipeline.php(180): Illuminate\\Http\\Middleware\\TrustProxies->handle()
#58 /home/smith/Smith/tugas/Doorsmeer/vendor/laravel/framework/src/Illuminate/Pipeline/Pipeline.php(116): Illuminate\\Pipeline\\Pipeline->Illuminate\\Pipeline\\{closure}()
#59 /home/smith/Smith/tugas/Doorsmeer/vendor/laravel/framework/src/Illuminate/Foundation/Http/Kernel.php(142): Illuminate\\Pipeline\\Pipeline->then()
#60 /home/smith/Smith/tugas/Doorsmeer/vendor/laravel/framework/src/Illuminate/Foundation/Http/Kernel.php(111): Illuminate\\Foundation\\Http\\Kernel->sendRequestThroughRouter()
#61 /home/smith/Smith/tugas/Doorsmeer/public/index.php(52): Illuminate\\Foundation\\Http\\Kernel->handle()
#62 /home/smith/Smith/tugas/Doorsmeer/vendor/laravel/framework/src/Illuminate/Foundation/resources/server.php(16): require_once('...')
#63 {main}
"} 
